<?xml version="1.0" encoding="UTF-8"?>
<testsuite name="com.icia.db1.BoardTest" tests="1" skipped="0" failures="0" errors="0" timestamp="2023-01-18T09:16:27" hostname="DESKTOP-OCOCIRR" time="0.405">
  <properties/>
  <testcase name="saveList()" classname="com.icia.db1.BoardTest" time="0.405"/>
  <system-out><![CDATA[18:16:19.855 [Test worker] DEBUG org.springframework.test.context.BootstrapUtils - Instantiating CacheAwareContextLoaderDelegate from class [org.springframework.test.context.cache.DefaultCacheAwareContextLoaderDelegate]
18:16:19.871 [Test worker] DEBUG org.springframework.test.context.BootstrapUtils - Instantiating BootstrapContext using constructor [public org.springframework.test.context.support.DefaultBootstrapContext(java.lang.Class,org.springframework.test.context.CacheAwareContextLoaderDelegate)]
18:16:19.925 [Test worker] DEBUG org.springframework.test.context.BootstrapUtils - Instantiating TestContextBootstrapper for test class [com.icia.db1.BoardTest] from class [org.springframework.boot.test.context.SpringBootTestContextBootstrapper]
18:16:19.946 [Test worker] INFO org.springframework.boot.test.context.SpringBootTestContextBootstrapper - Neither @ContextConfiguration nor @ContextHierarchy found for test class [com.icia.db1.BoardTest], using SpringBootContextLoader
18:16:19.951 [Test worker] DEBUG org.springframework.test.context.support.AbstractContextLoader - Did not detect default resource location for test class [com.icia.db1.BoardTest]: class path resource [com/icia/db1/BoardTest-context.xml] does not exist
18:16:19.952 [Test worker] DEBUG org.springframework.test.context.support.AbstractContextLoader - Did not detect default resource location for test class [com.icia.db1.BoardTest]: class path resource [com/icia/db1/BoardTestContext.groovy] does not exist
18:16:19.953 [Test worker] INFO org.springframework.test.context.support.AbstractContextLoader - Could not detect default resource locations for test class [com.icia.db1.BoardTest]: no resource found for suffixes {-context.xml, Context.groovy}.
18:16:19.953 [Test worker] INFO org.springframework.test.context.support.AnnotationConfigContextLoaderUtils - Could not detect default configuration classes for test class [com.icia.db1.BoardTest]: BoardTest does not declare any static, non-private, non-final, nested classes annotated with @Configuration.
18:16:20.010 [Test worker] DEBUG org.springframework.test.context.support.ActiveProfilesUtils - Could not find an 'annotation declaring class' for annotation type [org.springframework.test.context.ActiveProfiles] and class [com.icia.db1.BoardTest]
18:16:20.101 [Test worker] DEBUG org.springframework.context.annotation.ClassPathScanningCandidateComponentProvider - Identified candidate component class: file [J:\springBoot\db1\db1\build\classes\java\main\com\icia\db1\Db1Application.class]
18:16:20.103 [Test worker] INFO org.springframework.boot.test.context.SpringBootTestContextBootstrapper - Found @SpringBootConfiguration com.icia.db1.Db1Application for test class com.icia.db1.BoardTest
18:16:20.256 [Test worker] DEBUG org.springframework.boot.test.context.SpringBootTestContextBootstrapper - @TestExecutionListeners is not present for class [com.icia.db1.BoardTest]: using defaults.
18:16:20.257 [Test worker] INFO org.springframework.boot.test.context.SpringBootTestContextBootstrapper - Loaded default TestExecutionListener class names from location [META-INF/spring.factories]: [org.springframework.boot.test.autoconfigure.restdocs.RestDocsTestExecutionListener, org.springframework.boot.test.autoconfigure.web.client.MockRestServiceServerResetTestExecutionListener, org.springframework.boot.test.autoconfigure.web.servlet.MockMvcPrintOnlyOnFailureTestExecutionListener, org.springframework.boot.test.autoconfigure.web.servlet.WebDriverTestExecutionListener, org.springframework.boot.test.autoconfigure.webservices.client.MockWebServiceServerTestExecutionListener, org.springframework.boot.test.mock.mockito.MockitoTestExecutionListener, org.springframework.boot.test.mock.mockito.ResetMocksTestExecutionListener, org.springframework.test.context.web.ServletTestExecutionListener, org.springframework.test.context.support.DirtiesContextBeforeModesTestExecutionListener, org.springframework.test.context.event.ApplicationEventsTestExecutionListener, org.springframework.test.context.support.DependencyInjectionTestExecutionListener, org.springframework.test.context.support.DirtiesContextTestExecutionListener, org.springframework.test.context.transaction.TransactionalTestExecutionListener, org.springframework.test.context.jdbc.SqlScriptsTestExecutionListener, org.springframework.test.context.event.EventPublishingTestExecutionListener]
18:16:20.276 [Test worker] INFO org.springframework.boot.test.context.SpringBootTestContextBootstrapper - Using TestExecutionListeners: [org.springframework.test.context.web.ServletTestExecutionListener@1cefc4b3, org.springframework.test.context.support.DirtiesContextBeforeModesTestExecutionListener@2b27cc70, org.springframework.test.context.event.ApplicationEventsTestExecutionListener@6f6a7463, org.springframework.boot.test.mock.mockito.MockitoTestExecutionListener@1bdaa23d, org.springframework.boot.test.autoconfigure.SpringBootDependencyInjectionTestExecutionListener@79f227a9, org.springframework.test.context.support.DirtiesContextTestExecutionListener@6ca320ab, org.springframework.test.context.transaction.TransactionalTestExecutionListener@50d68830, org.springframework.test.context.jdbc.SqlScriptsTestExecutionListener@1e53135d, org.springframework.test.context.event.EventPublishingTestExecutionListener@7674a051, org.springframework.boot.test.autoconfigure.restdocs.RestDocsTestExecutionListener@3a7704c, org.springframework.boot.test.autoconfigure.web.client.MockRestServiceServerResetTestExecutionListener@6754ef00, org.springframework.boot.test.autoconfigure.web.servlet.MockMvcPrintOnlyOnFailureTestExecutionListener@619bd14c, org.springframework.boot.test.autoconfigure.web.servlet.WebDriverTestExecutionListener@323e8306, org.springframework.boot.test.autoconfigure.webservices.client.MockWebServiceServerTestExecutionListener@a23a01d, org.springframework.boot.test.mock.mockito.ResetMocksTestExecutionListener@4acf72b6]
18:16:20.283 [Test worker] DEBUG org.springframework.test.context.support.AbstractDirtiesContextTestExecutionListener - Before test class: context [DefaultTestContext@26f143ed testClass = BoardTest, testInstance = [null], testMethod = [null], testException = [null], mergedContextConfiguration = [WebMergedContextConfiguration@3c1e3314 testClass = BoardTest, locations = '{}', classes = '{class com.icia.db1.Db1Application}', contextInitializerClasses = '[]', activeProfiles = '{}', propertySourceLocations = '{}', propertySourceProperties = '{org.springframework.boot.test.context.SpringBootTestContextBootstrapper=true}', contextCustomizers = set[org.springframework.boot.test.autoconfigure.actuate.metrics.MetricsExportContextCustomizerFactory$DisableMetricExportContextCustomizer@40c80397, org.springframework.boot.test.autoconfigure.properties.PropertyMappingContextCustomizer@0, org.springframework.boot.test.autoconfigure.web.servlet.WebDriverContextCustomizerFactory$Customizer@1fdfafd2, org.springframework.boot.test.context.filter.ExcludeFilterContextCustomizer@5c87bfe2, org.springframework.boot.test.json.DuplicateJsonObjectContextCustomizerFactory$DuplicateJsonObjectContextCustomizer@4cc6fa2a, org.springframework.boot.test.mock.mockito.MockitoContextCustomizer@0, org.springframework.boot.test.web.client.TestRestTemplateContextCustomizer@3dddefd8, org.springframework.boot.test.context.SpringBootTestArgs@1, org.springframework.boot.test.context.SpringBootTestWebEnvironment@51a9ad5e], resourceBasePath = 'src/main/webapp', contextLoader = 'org.springframework.boot.test.context.SpringBootContextLoader', parent = [null]], attributes = map['org.springframework.test.context.web.ServletTestExecutionListener.activateListener' -> true]], class annotated with @DirtiesContext [false] with mode [null].

  .   ____          _            __ _ _
 /\\ / ___'_ __ _ _(_)_ __  __ _ \ \ \ \
( ( )\___ | '_ | '_| | '_ \/ _` | \ \ \ \
 \\/  ___)| |_)| | | | | || (_| |  ) ) ) )
  '  |____| .__|_| |_|_| |_\__, | / / / /
 =========|_|==============|___/=/_/_/_/
 :: Spring Boot ::                (v2.7.7)

2023-01-18 18:16:20.908  INFO 4068 --- [    Test worker] com.icia.db1.BoardTest                   : Starting BoardTest using Java 11.0.16.1 on DESKTOP-OCOCIRR with PID 4068 (started by user in J:\springBoot\db1\db1)
2023-01-18 18:16:20.910  INFO 4068 --- [    Test worker] com.icia.db1.BoardTest                   : No active profile set, falling back to 1 default profile: "default"
2023-01-18 18:16:21.985  INFO 4068 --- [    Test worker] .s.d.r.c.RepositoryConfigurationDelegate : Bootstrapping Spring Data JPA repositories in DEFAULT mode.
2023-01-18 18:16:22.065  INFO 4068 --- [    Test worker] .s.d.r.c.RepositoryConfigurationDelegate : Finished Spring Data repository scanning in 60 ms. Found 2 JPA repository interfaces.
2023-01-18 18:16:22.948  INFO 4068 --- [    Test worker] o.hibernate.jpa.internal.util.LogHelper  : HHH000204: Processing PersistenceUnitInfo [name: default]
2023-01-18 18:16:23.028  INFO 4068 --- [    Test worker] org.hibernate.Version                    : HHH000412: Hibernate ORM core version 5.6.14.Final
2023-01-18 18:16:23.288  INFO 4068 --- [    Test worker] o.hibernate.annotations.common.Version   : HCANN000001: Hibernate Commons Annotations {5.1.2.Final}
2023-01-18 18:16:23.448  INFO 4068 --- [    Test worker] com.zaxxer.hikari.HikariDataSource       : HikariPool-1 - Starting...
2023-01-18 18:16:23.995  INFO 4068 --- [    Test worker] com.zaxxer.hikari.HikariDataSource       : HikariPool-1 - Start completed.
2023-01-18 18:16:24.022  INFO 4068 --- [    Test worker] org.hibernate.dialect.Dialect            : HHH000400: Using dialect: org.hibernate.dialect.MySQL5InnoDBDialect
2023-01-18 18:16:25.377  INFO 4068 --- [    Test worker] o.h.e.t.j.p.i.JtaPlatformInitiator       : HHH000490: Using JtaPlatform implementation: [org.hibernate.engine.transaction.jta.platform.internal.NoJtaPlatform]
2023-01-18 18:16:25.389  INFO 4068 --- [    Test worker] j.LocalContainerEntityManagerFactoryBean : Initialized JPA EntityManagerFactory for persistence unit 'default'
2023-01-18 18:16:26.976  INFO 4068 --- [    Test worker] o.s.b.a.w.s.WelcomePageHandlerMapping    : Adding welcome page template: index
2023-01-18 18:16:27.508  INFO 4068 --- [    Test worker] com.icia.db1.BoardTest                   : Started BoardTest in 7.169 seconds (JVM running for 8.988)
2023-01-18 18:16:27.553  INFO 4068 --- [    Test worker] o.s.t.c.transaction.TransactionContext   : Began transaction (1) for test context [DefaultTestContext@26f143ed testClass = BoardTest, testInstance = com.icia.db1.BoardTest@6c4e11d0, testMethod = saveList@BoardTest, testException = [null], mergedContextConfiguration = [WebMergedContextConfiguration@3c1e3314 testClass = BoardTest, locations = '{}', classes = '{class com.icia.db1.Db1Application}', contextInitializerClasses = '[]', activeProfiles = '{}', propertySourceLocations = '{}', propertySourceProperties = '{org.springframework.boot.test.context.SpringBootTestContextBootstrapper=true}', contextCustomizers = set[org.springframework.boot.test.autoconfigure.actuate.metrics.MetricsExportContextCustomizerFactory$DisableMetricExportContextCustomizer@40c80397, org.springframework.boot.test.autoconfigure.properties.PropertyMappingContextCustomizer@0, org.springframework.boot.test.autoconfigure.web.servlet.WebDriverContextCustomizerFactory$Customizer@1fdfafd2, org.springframework.boot.test.context.filter.ExcludeFilterContextCustomizer@5c87bfe2, org.springframework.boot.test.json.DuplicateJsonObjectContextCustomizerFactory$DuplicateJsonObjectContextCustomizer@4cc6fa2a, org.springframework.boot.test.mock.mockito.MockitoContextCustomizer@0, org.springframework.boot.test.web.client.TestRestTemplateContextCustomizer@3dddefd8, org.springframework.boot.test.context.SpringBootTestArgs@1, org.springframework.boot.test.context.SpringBootTestWebEnvironment@51a9ad5e], resourceBasePath = 'src/main/webapp', contextLoader = 'org.springframework.boot.test.context.SpringBootContextLoader', parent = [null]], attributes = map['org.springframework.test.context.web.ServletTestExecutionListener.activateListener' -> true, 'org.springframework.test.context.web.ServletTestExecutionListener.populatedRequestContextHolder' -> true, 'org.springframework.test.context.web.ServletTestExecutionListener.resetRequestContextHolder' -> true, 'org.springframework.test.context.event.ApplicationEventsTestExecutionListener.recordApplicationEvents' -> false]]; transaction manager [org.springframework.orm.jpa.JpaTransactionManager@19834eb7]; rollback [false]
Hibernate: insert into board_table (board_contents, board_hits, board_pass, board_title, board_writer) values (?, ?, ?, ?, ?)
Hibernate: insert into board_table (board_contents, board_hits, board_pass, board_title, board_writer) values (?, ?, ?, ?, ?)
Hibernate: insert into board_table (board_contents, board_hits, board_pass, board_title, board_writer) values (?, ?, ?, ?, ?)
Hibernate: insert into board_table (board_contents, board_hits, board_pass, board_title, board_writer) values (?, ?, ?, ?, ?)
Hibernate: insert into board_table (board_contents, board_hits, board_pass, board_title, board_writer) values (?, ?, ?, ?, ?)
Hibernate: insert into board_table (board_contents, board_hits, board_pass, board_title, board_writer) values (?, ?, ?, ?, ?)
Hibernate: insert into board_table (board_contents, board_hits, board_pass, board_title, board_writer) values (?, ?, ?, ?, ?)
Hibernate: insert into board_table (board_contents, board_hits, board_pass, board_title, board_writer) values (?, ?, ?, ?, ?)
Hibernate: insert into board_table (board_contents, board_hits, board_pass, board_title, board_writer) values (?, ?, ?, ?, ?)
Hibernate: insert into board_table (board_contents, board_hits, board_pass, board_title, board_writer) values (?, ?, ?, ?, ?)
Hibernate: insert into board_table (board_contents, board_hits, board_pass, board_title, board_writer) values (?, ?, ?, ?, ?)
Hibernate: insert into board_table (board_contents, board_hits, board_pass, board_title, board_writer) values (?, ?, ?, ?, ?)
Hibernate: insert into board_table (board_contents, board_hits, board_pass, board_title, board_writer) values (?, ?, ?, ?, ?)
Hibernate: insert into board_table (board_contents, board_hits, board_pass, board_title, board_writer) values (?, ?, ?, ?, ?)
Hibernate: insert into board_table (board_contents, board_hits, board_pass, board_title, board_writer) values (?, ?, ?, ?, ?)
Hibernate: insert into board_table (board_contents, board_hits, board_pass, board_title, board_writer) values (?, ?, ?, ?, ?)
Hibernate: insert into board_table (board_contents, board_hits, board_pass, board_title, board_writer) values (?, ?, ?, ?, ?)
Hibernate: insert into board_table (board_contents, board_hits, board_pass, board_title, board_writer) values (?, ?, ?, ?, ?)
Hibernate: insert into board_table (board_contents, board_hits, board_pass, board_title, board_writer) values (?, ?, ?, ?, ?)
Hibernate: insert into board_table (board_contents, board_hits, board_pass, board_title, board_writer) values (?, ?, ?, ?, ?)
2023-01-18 18:16:27.931  INFO 4068 --- [    Test worker] o.s.t.c.transaction.TransactionContext   : Committed transaction for test: [DefaultTestContext@26f143ed testClass = BoardTest, testInstance = com.icia.db1.BoardTest@6c4e11d0, testMethod = saveList@BoardTest, testException = [null], mergedContextConfiguration = [WebMergedContextConfiguration@3c1e3314 testClass = BoardTest, locations = '{}', classes = '{class com.icia.db1.Db1Application}', contextInitializerClasses = '[]', activeProfiles = '{}', propertySourceLocations = '{}', propertySourceProperties = '{org.springframework.boot.test.context.SpringBootTestContextBootstrapper=true}', contextCustomizers = set[org.springframework.boot.test.autoconfigure.actuate.metrics.MetricsExportContextCustomizerFactory$DisableMetricExportContextCustomizer@40c80397, org.springframework.boot.test.autoconfigure.properties.PropertyMappingContextCustomizer@0, org.springframework.boot.test.autoconfigure.web.servlet.WebDriverContextCustomizerFactory$Customizer@1fdfafd2, org.springframework.boot.test.context.filter.ExcludeFilterContextCustomizer@5c87bfe2, org.springframework.boot.test.json.DuplicateJsonObjectContextCustomizerFactory$DuplicateJsonObjectContextCustomizer@4cc6fa2a, org.springframework.boot.test.mock.mockito.MockitoContextCustomizer@0, org.springframework.boot.test.web.client.TestRestTemplateContextCustomizer@3dddefd8, org.springframework.boot.test.context.SpringBootTestArgs@1, org.springframework.boot.test.context.SpringBootTestWebEnvironment@51a9ad5e], resourceBasePath = 'src/main/webapp', contextLoader = 'org.springframework.boot.test.context.SpringBootContextLoader', parent = [null]], attributes = map['org.springframework.test.context.web.ServletTestExecutionListener.activateListener' -> true, 'org.springframework.test.context.web.ServletTestExecutionListener.populatedRequestContextHolder' -> true, 'org.springframework.test.context.web.ServletTestExecutionListener.resetRequestContextHolder' -> true, 'org.springframework.test.context.event.ApplicationEventsTestExecutionListener.recordApplicationEvents' -> false]]
]]></system-out>
  <system-err><![CDATA[]]></system-err>
</testsuite>
