<?xml version="1.0" encoding="UTF-8"?>
<testsuite name="com.icia.ex1.Ex1ApplicationTests" tests="1" skipped="0" failures="0" errors="0" timestamp="2023-01-04T08:16:47" hostname="DESKTOP-9KL7V38" time="0.566">
  <properties/>
  <testcase name="contextLoads()" classname="com.icia.ex1.Ex1ApplicationTests" time="0.566"/>
  <system-out><![CDATA[17:16:44.420 [Test worker] DEBUG org.springframework.test.context.BootstrapUtils - Instantiating CacheAwareContextLoaderDelegate from class [org.springframework.test.context.cache.DefaultCacheAwareContextLoaderDelegate]
17:16:44.442 [Test worker] DEBUG org.springframework.test.context.BootstrapUtils - Instantiating BootstrapContext using constructor [public org.springframework.test.context.support.DefaultBootstrapContext(java.lang.Class,org.springframework.test.context.CacheAwareContextLoaderDelegate)]
17:16:44.489 [Test worker] DEBUG org.springframework.test.context.BootstrapUtils - Instantiating TestContextBootstrapper for test class [com.icia.ex1.Ex1ApplicationTests] from class [org.springframework.boot.test.context.SpringBootTestContextBootstrapper]
17:16:44.509 [Test worker] INFO org.springframework.boot.test.context.SpringBootTestContextBootstrapper - Neither @ContextConfiguration nor @ContextHierarchy found for test class [com.icia.ex1.Ex1ApplicationTests], using SpringBootContextLoader
17:16:44.514 [Test worker] DEBUG org.springframework.test.context.support.AbstractContextLoader - Did not detect default resource location for test class [com.icia.ex1.Ex1ApplicationTests]: class path resource [com/icia/ex1/Ex1ApplicationTests-context.xml] does not exist
17:16:44.515 [Test worker] DEBUG org.springframework.test.context.support.AbstractContextLoader - Did not detect default resource location for test class [com.icia.ex1.Ex1ApplicationTests]: class path resource [com/icia/ex1/Ex1ApplicationTestsContext.groovy] does not exist
17:16:44.515 [Test worker] INFO org.springframework.test.context.support.AbstractContextLoader - Could not detect default resource locations for test class [com.icia.ex1.Ex1ApplicationTests]: no resource found for suffixes {-context.xml, Context.groovy}.
17:16:44.516 [Test worker] INFO org.springframework.test.context.support.AnnotationConfigContextLoaderUtils - Could not detect default configuration classes for test class [com.icia.ex1.Ex1ApplicationTests]: Ex1ApplicationTests does not declare any static, non-private, non-final, nested classes annotated with @Configuration.
17:16:44.583 [Test worker] DEBUG org.springframework.test.context.support.ActiveProfilesUtils - Could not find an 'annotation declaring class' for annotation type [org.springframework.test.context.ActiveProfiles] and class [com.icia.ex1.Ex1ApplicationTests]
17:16:44.668 [Test worker] DEBUG org.springframework.context.annotation.ClassPathScanningCandidateComponentProvider - Identified candidate component class: file [I:\springboot\ex1\ex1\build\classes\java\main\com\icia\ex1\Ex1Application.class]
17:16:44.671 [Test worker] INFO org.springframework.boot.test.context.SpringBootTestContextBootstrapper - Found @SpringBootConfiguration com.icia.ex1.Ex1Application for test class com.icia.ex1.Ex1ApplicationTests
17:16:44.813 [Test worker] DEBUG org.springframework.boot.test.context.SpringBootTestContextBootstrapper - @TestExecutionListeners is not present for class [com.icia.ex1.Ex1ApplicationTests]: using defaults.
17:16:44.814 [Test worker] INFO org.springframework.boot.test.context.SpringBootTestContextBootstrapper - Loaded default TestExecutionListener class names from location [META-INF/spring.factories]: [org.springframework.boot.test.autoconfigure.restdocs.RestDocsTestExecutionListener, org.springframework.boot.test.autoconfigure.web.client.MockRestServiceServerResetTestExecutionListener, org.springframework.boot.test.autoconfigure.web.servlet.MockMvcPrintOnlyOnFailureTestExecutionListener, org.springframework.boot.test.autoconfigure.web.servlet.WebDriverTestExecutionListener, org.springframework.boot.test.autoconfigure.webservices.client.MockWebServiceServerTestExecutionListener, org.springframework.boot.test.mock.mockito.MockitoTestExecutionListener, org.springframework.boot.test.mock.mockito.ResetMocksTestExecutionListener, org.springframework.test.context.web.ServletTestExecutionListener, org.springframework.test.context.support.DirtiesContextBeforeModesTestExecutionListener, org.springframework.test.context.event.ApplicationEventsTestExecutionListener, org.springframework.test.context.support.DependencyInjectionTestExecutionListener, org.springframework.test.context.support.DirtiesContextTestExecutionListener, org.springframework.test.context.transaction.TransactionalTestExecutionListener, org.springframework.test.context.jdbc.SqlScriptsTestExecutionListener, org.springframework.test.context.event.EventPublishingTestExecutionListener]
17:16:44.832 [Test worker] DEBUG org.springframework.boot.test.context.SpringBootTestContextBootstrapper - Skipping candidate TestExecutionListener [org.springframework.test.context.transaction.TransactionalTestExecutionListener] due to a missing dependency. Specify custom listener classes or make the default listener classes and their required dependencies available. Offending class: [org/springframework/transaction/interceptor/TransactionAttributeSource]
17:16:44.833 [Test worker] DEBUG org.springframework.boot.test.context.SpringBootTestContextBootstrapper - Skipping candidate TestExecutionListener [org.springframework.test.context.jdbc.SqlScriptsTestExecutionListener] due to a missing dependency. Specify custom listener classes or make the default listener classes and their required dependencies available. Offending class: [org/springframework/transaction/interceptor/TransactionAttribute]
17:16:44.833 [Test worker] INFO org.springframework.boot.test.context.SpringBootTestContextBootstrapper - Using TestExecutionListeners: [org.springframework.test.context.web.ServletTestExecutionListener@82c57b3, org.springframework.test.context.support.DirtiesContextBeforeModesTestExecutionListener@5be82d43, org.springframework.test.context.event.ApplicationEventsTestExecutionListener@600b0b7, org.springframework.boot.test.mock.mockito.MockitoTestExecutionListener@345e5a17, org.springframework.boot.test.autoconfigure.SpringBootDependencyInjectionTestExecutionListener@5ea502e0, org.springframework.test.context.support.DirtiesContextTestExecutionListener@443dbe42, org.springframework.test.context.event.EventPublishingTestExecutionListener@473b3b7a, org.springframework.boot.test.autoconfigure.restdocs.RestDocsTestExecutionListener@1734f68, org.springframework.boot.test.autoconfigure.web.client.MockRestServiceServerResetTestExecutionListener@77b7ffa4, org.springframework.boot.test.autoconfigure.web.servlet.MockMvcPrintOnlyOnFailureTestExecutionListener@5ed190be, org.springframework.boot.test.autoconfigure.web.servlet.WebDriverTestExecutionListener@402f80f5, org.springframework.boot.test.autoconfigure.webservices.client.MockWebServiceServerTestExecutionListener@5bbc9f97, org.springframework.boot.test.mock.mockito.ResetMocksTestExecutionListener@133e019b]
17:16:44.841 [Test worker] DEBUG org.springframework.test.context.support.AbstractDirtiesContextTestExecutionListener - Before test class: context [DefaultTestContext@54ec8cc9 testClass = Ex1ApplicationTests, testInstance = [null], testMethod = [null], testException = [null], mergedContextConfiguration = [WebMergedContextConfiguration@52eacb4b testClass = Ex1ApplicationTests, locations = '{}', classes = '{class com.icia.ex1.Ex1Application}', contextInitializerClasses = '[]', activeProfiles = '{}', propertySourceLocations = '{}', propertySourceProperties = '{org.springframework.boot.test.context.SpringBootTestContextBootstrapper=true}', contextCustomizers = set[org.springframework.boot.test.autoconfigure.actuate.metrics.MetricsExportContextCustomizerFactory$DisableMetricExportContextCustomizer@7e22550a, org.springframework.boot.test.autoconfigure.properties.PropertyMappingContextCustomizer@0, org.springframework.boot.test.autoconfigure.web.servlet.WebDriverContextCustomizerFactory$Customizer@1af146, org.springframework.boot.test.context.filter.ExcludeFilterContextCustomizer@fb9c7aa, org.springframework.boot.test.json.DuplicateJsonObjectContextCustomizerFactory$DuplicateJsonObjectContextCustomizer@60a2630a, org.springframework.boot.test.mock.mockito.MockitoContextCustomizer@0, org.springframework.boot.test.web.client.TestRestTemplateContextCustomizer@1698fc68, org.springframework.boot.test.context.SpringBootTestArgs@1, org.springframework.boot.test.context.SpringBootTestWebEnvironment@1f760b47], resourceBasePath = 'src/main/webapp', contextLoader = 'org.springframework.boot.test.context.SpringBootContextLoader', parent = [null]], attributes = map['org.springframework.test.context.web.ServletTestExecutionListener.activateListener' -> true]], class annotated with @DirtiesContext [false] with mode [null].

  .   ____          _            __ _ _
 /\\ / ___'_ __ _ _(_)_ __  __ _ \ \ \ \
( ( )\___ | '_ | '_| | '_ \/ _` | \ \ \ \
 \\/  ___)| |_)| | | | | || (_| |  ) ) ) )
  '  |____| .__|_| |_|_| |_\__, | / / / /
 =========|_|==============|___/=/_/_/_/
 :: Spring Boot ::                (v2.7.7)

2023-01-04 17:16:45.431  INFO 8900 --- [    Test worker] com.icia.ex1.Ex1ApplicationTests         : Starting Ex1ApplicationTests using Java 11.0.17 on DESKTOP-9KL7V38 with PID 8900 (started by user in I:\springboot\ex1\ex1)
2023-01-04 17:16:45.434  INFO 8900 --- [    Test worker] com.icia.ex1.Ex1ApplicationTests         : No active profile set, falling back to 1 default profile: "default"
2023-01-04 17:16:47.719  INFO 8900 --- [    Test worker] com.icia.ex1.Ex1ApplicationTests         : Started Ex1ApplicationTests in 2.817 seconds (JVM running for 4.487)
]]></system-out>
  <system-err><![CDATA[]]></system-err>
</testsuite>
